<?xml version="1.0" encoding="UTF-8"?>
<!-- Generated by org.testng.reporters.JUnitReportReporter -->
<testsuite skipped="0" hostname="LAPTOP-O7BRKD6N" name="Practice.listofallOrders" tests="1" failures="0" timestamp="2022-04-27T12:40:17 IST" time="3.310" errors="0">
  <testcase name="getListofallOrders" time="3.310" classname="Practice.listofallOrders"/>
  <system-out/>
</testsuite> <!-- Practice.listofallOrders -->
