<?xml version="1.0" encoding="UTF-8"?>
<!-- Generated by org.testng.reporters.JUnitReportReporter -->
<testsuite skipped="0" hostname="LAPTOP-O7BRKD6N" name="PathParameter$BookId_Pathpara5" tests="1" failures="0" timestamp="2022-04-11T14:12:51 IST" time="4.021" errors="0">
  <testcase name="book" time="4.021" classname="PathParameter$BookId_Pathpara5"/>
  <system-out/>
</testsuite> <!-- PathParameter$BookId_Pathpara5 -->
