<?xml version="1.0" encoding="UTF-8"?>
<!-- Generated by org.testng.reporters.JUnitReportReporter -->
<testsuite skipped="0" hostname="LAPTOP-O7BRKD6N" name="ListOfBooks" tests="1" failures="0" timestamp="2022-05-03T14:20:11 IST" time="4.784" errors="0">
  <testcase name="test_02" time="4.784" classname="ListOfBooks"/>
  <system-out/>
</testsuite> <!-- ListOfBooks -->
