<?xml version="1.0" encoding="UTF-8"?>
<!-- Generated by org.testng.reporters.JUnitReportReporter -->
<testsuite skipped="0" hostname="LAPTOP-O7BRKD6N" name="NonFiction" tests="1" failures="0" timestamp="2022-04-11T12:44:22 IST" time="3.275" errors="0">
  <testcase name="test_04" time="3.275" classname="NonFiction"/>
  <system-out/>
</testsuite> <!-- NonFiction -->
