<?xml version="1.0" encoding="UTF-8"?>
<!-- Generated by org.testng.reporters.JUnitReportReporter -->
<testsuite skipped="0" hostname="LAPTOP-O7BRKD6N" name="Program6" tests="1" failures="0" timestamp="2022-04-26T10:58:02 IST" time="3.509" errors="0">
  <testcase name="test_6" time="3.509" classname="Program6"/>
  <system-out/>
</testsuite> <!-- Program6 -->
