<?xml version="1.0" encoding="UTF-8"?>
<!-- Generated by org.testng.reporters.JUnitReportReporter -->
<testsuite skipped="0" hostname="LAPTOP-O7BRKD6N" name="OutOfStock8" tests="1" failures="0" timestamp="2022-04-26T11:44:46 IST" time="3.312" errors="0">
  <testcase name="test_08" time="3.312" classname="OutOfStock8"/>
  <system-out/>
</testsuite> <!-- OutOfStock8 -->
