<?xml version="1.0" encoding="UTF-8"?>
<!-- Generated by org.testng.reporters.JUnitReportReporter -->
<testsuite skipped="0" hostname="LAPTOP-O7BRKD6N" name="DeleteOrder16" tests="1" failures="0" timestamp="2022-04-27T13:54:35 IST" time="3.821" errors="0">
  <testcase name="test_16" time="3.821" classname="DeleteOrder16"/>
  <system-out/>
</testsuite> <!-- DeleteOrder16 -->
