<?xml version="1.0" encoding="UTF-8"?>
<!-- Generated by org.testng.reporters.JUnitReportReporter -->
<testsuite skipped="0" hostname="LAPTOP-O7BRKD6N" name="DuplicateMailID11" tests="1" failures="0" timestamp="2022-04-27T15:39:58 IST" time="7.958" errors="0">
  <testcase name="test_11" time="7.958" classname="DuplicateMailID11"/>
  <system-out/>
</testsuite> <!-- DuplicateMailID11 -->
