<?xml version="1.0" encoding="UTF-8"?>
<!-- Generated by org.testng.reporters.JUnitReportReporter -->
<testsuite skipped="0" hostname="LAPTOP-O7BRKD6N" name="Fiction3" tests="1" failures="0" timestamp="2022-04-11T10:39:41 IST" time="3.769" errors="0">
  <testcase name="fiction" time="3.769" classname="Fiction3"/>
  <system-out/>
</testsuite> <!-- Fiction3 -->
