<?xml version="1.0" encoding="UTF-8"?>
<!-- Generated by org.testng.reporters.JUnitReportReporter -->
<testsuite skipped="0" hostname="LAPTOP-O7BRKD6N" name="StatusOfSimpleBooksAPI" tests="1" failures="0" timestamp="2022-04-26T11:05:35 IST" time="2.903" errors="0">
  <testcase name="test_01" time="2.903" classname="StatusOfSimpleBooksAPI"/>
  <system-out/>
</testsuite> <!-- StatusOfSimpleBooksAPI -->
