<?xml version="1.0" encoding="UTF-8"?>
<!-- Generated by org.testng.reporters.JUnitReportReporter -->
<testsuite skipped="0" hostname="LAPTOP-O7BRKD6N" name="PathParameter" tests="1" failures="0" timestamp="2022-04-11T14:35:06 IST" time="4.729" errors="0">
  <testcase name="test_5" time="4.729" classname="PathParameter"/>
  <system-out/>
</testsuite> <!-- PathParameter -->
