<?xml version="1.0" encoding="UTF-8"?>
<!-- Generated by org.testng.reporters.JUnitReportReporter -->
<testsuite skipped="0" hostname="LAPTOP-O7BRKD6N" name="AllOrder9" tests="1" failures="0" timestamp="2022-04-27T12:47:53 IST" time="3.466" errors="0">
  <testcase name="test_09" time="3.466" classname="AllOrder9"/>
  <system-out/>
</testsuite> <!-- AllOrder9 -->
