<?xml version="1.0" encoding="UTF-8"?>
<!-- Generated by org.testng.reporters.JUnitReportReporter -->
<testsuite skipped="0" hostname="LAPTOP-O7BRKD6N" name="FictionBooks3" tests="1" failures="0" timestamp="2022-05-03T13:50:20 IST" time="4.147" errors="0">
  <testcase name="test_03" time="4.147" classname="FictionBooks3"/>
  <system-out/>
</testsuite> <!-- FictionBooks3 -->
