<?xml version="1.0" encoding="UTF-8"?>
<!-- Generated by org.testng.reporters.JUnitReportReporter -->
<testsuite skipped="0" hostname="LAPTOP-O7BRKD6N" name="Order7" tests="1" failures="0" timestamp="2022-04-26T11:26:58 IST" time="3.450" errors="0">
  <testcase name="test_07" time="3.450" classname="Order7"/>
  <system-out/>
</testsuite> <!-- Order7 -->
